2025-06-21 01:15:13,228 - INFO - Camera 1 connection verified
2025-06-21 01:15:13,229 - INFO - Loading license plate detection model...
2025-06-21 01:15:13,249 - INFO - ✅ License plate model loaded
2025-06-21 01:15:13,249 - INFO - Initializing EasyOCR...
2025-06-21 01:15:13,743 - INFO - Camera 1 connection verified
2025-06-21 01:15:13,743 - INFO - Loading license plate detection model...
2025-06-21 01:15:13,760 - INFO - ✅ License plate model loaded
2025-06-21 01:15:13,760 - INFO - Initializing EasyOCR...
2025-06-21 01:15:15,569 - INFO - ✅ EasyOCR initialized with GPU
2025-06-21 01:15:16,066 - INFO - ✅ EasyOCR initialized with GPU
2025-06-21 01:15:16,644 - INFO - 🚀 Starting enhanced 60-second license plate detection...
2025-06-21 01:15:17,207 - INFO - 🚀 Starting enhanced 60-second license plate detection...
2025-06-21 01:15:36,464 - INFO - 🎯 CONFIRMED DETECTION: 600 (Score: 0.878)
2025-06-21 01:15:36,464 - INFO - 🎯 CONFIRMED DETECTION: 600 (Score: 0.878)
2025-06-21 01:15:38,759 - INFO - 🎯 CONFIRMED DETECTION: DAVC (Score: 0.879)
2025-06-21 01:15:38,760 - INFO - 🎯 CONFIRMED DETECTION: DAVC (Score: 0.879)
2025-06-21 01:15:40,797 - INFO - 🎯 CONFIRMED DETECTION: 600 (Score: 0.880)
2025-06-21 01:15:40,797 - INFO - 🎯 CONFIRMED DETECTION: 40 (Score: 0.814)
2025-06-21 01:15:40,798 - INFO - 🎯 CONFIRMED DETECTION: 600 (Score: 0.880)
2025-06-21 01:15:40,798 - INFO - 🎯 CONFIRMED DETECTION: 40 (Score: 0.814)
2025-06-21 01:15:43,001 - INFO - 🎯 CONFIRMED DETECTION: DAVC (Score: 0.875)
2025-06-21 01:15:43,001 - INFO - 🎯 CONFIRMED DETECTION: DAVC (Score: 0.875)
2025-06-21 01:15:56,063 - INFO - 🎯 CONFIRMED DETECTION: 600 (Score: 0.844)
2025-06-21 01:15:56,064 - INFO - 🎯 CONFIRMED DETECTION: DAVC (Score: 0.826)
2025-06-21 01:15:56,097 - INFO - 🎯 CONFIRMED DETECTION: 600 (Score: 0.844)
2025-06-21 01:15:56,097 - INFO - 🎯 CONFIRMED DETECTION: DAVC (Score: 0.800)
2025-06-21 01:16:07,329 - INFO - 🎯 CONFIRMED DETECTION: 600 (Score: 0.753)
2025-06-21 01:16:07,329 - INFO - 🎯 CONFIRMED DETECTION: 600 (Score: 0.770)
2025-06-21 01:16:13,698 - INFO - 🎯 CONFIRMED DETECTION: 600 (Score: 0.690)
2025-06-21 01:16:13,699 - INFO - 🎯 CONFIRMED DETECTION: 600 (Score: 0.704)
2025-06-21 01:20:46,567 - INFO - Camera 1 connection verified
2025-06-21 01:20:46,568 - INFO - Loading license plate detection model...
2025-06-21 01:20:46,588 - INFO - ✅ License plate model loaded
2025-06-21 01:20:46,588 - INFO - Initializing EasyOCR...
2025-06-21 01:20:46,997 - INFO - Camera 1 connection verified
2025-06-21 01:20:46,998 - INFO - Loading license plate detection model...
2025-06-21 01:20:47,013 - INFO - ✅ License plate model loaded
2025-06-21 01:20:47,013 - INFO - Initializing EasyOCR...
2025-06-21 01:20:48,798 - INFO - ✅ EasyOCR initialized with GPU
2025-06-21 01:20:49,171 - INFO - ✅ EasyOCR initialized with GPU
2025-06-21 01:20:49,817 - INFO - 🚀 Starting enhanced 60-second license plate detection...
2025-06-21 01:20:50,354 - INFO - 🚀 Starting enhanced 60-second license plate detection...
2025-06-21 01:20:57,766 - INFO - 🎯 CONFIRMED DETECTION: MH20EE7602 (Score: 0.777)
2025-06-21 01:21:03,166 - INFO - 🎯 CONFIRMED DETECTION: MH20EE7602 (Score: 0.802)
2025-06-21 01:21:04,632 - INFO - 🎯 CONFIRMED DETECTION: MH20EE7602 (Score: 0.796)
2025-06-21 01:21:09,163 - INFO - 🎯 CONFIRMED DETECTION: MH20EE7602 (Score: 0.808)
2025-06-21 01:21:11,218 - INFO - 🎯 CONFIRMED DETECTION: MH20EE7602 (Score: 0.805)
2025-06-21 01:21:16,367 - INFO - 🎯 CONFIRMED DETECTION: MH20EE7602 (Score: 0.801)
2025-06-21 01:21:16,732 - INFO - 🎯 CONFIRMED DETECTION: 20EE7602 (Score: 0.736)
2025-06-21 01:21:16,733 - INFO - 🎯 CONFIRMED DETECTION: MH20EE7602 (Score: 0.793)
2025-06-21 01:21:21,282 - INFO - 🎯 CONFIRMED DETECTION: MH20EE7602 (Score: 0.770)
2025-06-21 01:21:23,388 - WARNING - Failed to read frame
2025-06-21 01:21:23,536 - INFO - Camera 1 connection verified
2025-06-21 01:21:23,537 - INFO - Loading license plate detection model...
2025-06-21 01:21:23,575 - INFO - ✅ License plate model loaded
2025-06-21 01:21:23,575 - INFO - Initializing EasyOCR...
2025-06-21 01:21:26,097 - INFO - ✅ EasyOCR initialized with GPU
2025-06-21 01:21:26,721 - INFO - 🚀 Starting enhanced 60-second license plate detection...
2025-06-21 02:32:36,336 - INFO - 🔧 Checking Django server status...
2025-06-21 02:32:36,336 - INFO - 🔧 Checking Django server status...
2025-06-21 02:32:36,337 - WARNING - Invalid duration: temp_frame_1_20250621_023233.jpg, using default: 60
2025-06-21 02:32:36,337 - WARNING - Invalid duration: temp_frame_1_20250621_023233.jpg, using default: 60
2025-06-21 02:32:36,654 - INFO - Camera 1 connection verified
2025-06-21 02:32:36,654 - INFO - Loading license plate detection model...
2025-06-21 02:32:36,674 - INFO - ✅ License plate model loaded
2025-06-21 02:32:36,674 - INFO - Initializing EasyOCR...
2025-06-21 02:32:37,703 - INFO - Camera 1 connection verified
2025-06-21 02:32:37,703 - INFO - Loading license plate detection model...
2025-06-21 02:32:37,717 - INFO - ✅ License plate model loaded
2025-06-21 02:32:37,717 - INFO - Initializing EasyOCR...
2025-06-21 02:32:39,035 - INFO - ✅ EasyOCR initialized with GPU
2025-06-21 02:32:39,687 - INFO - 🚀 Starting enhanced 60-second license plate detection...
2025-06-21 02:32:40,230 - INFO - ✅ EasyOCR initialized with GPU
2025-06-21 02:32:41,354 - INFO - 🚀 Starting enhanced 60-second license plate detection...
2025-06-21 02:32:46,493 - INFO - 🎯 CONFIRMED DETECTION: STERLING (Score: 0.867)
2025-06-21 02:32:46,493 - INFO - 🎯 CONFIRMED DETECTION: BSKA248 (Score: 0.794)
2025-06-21 02:32:46,640 - INFO - 🎯 CONFIRMED DETECTION: BSKA248 (Score: 0.793)
2025-06-21 02:32:46,640 - INFO - 🎯 CONFIRMED DETECTION: STERLING (Score: 0.863)
2025-06-21 02:32:48,559 - INFO - 🎯 CONFIRMED DETECTION: BSKA248 (Score: 0.792)
2025-06-21 02:32:49,299 - INFO - 🎯 CONFIRMED DETECTION: BSKA248 (Score: 0.792)
2025-06-21 02:32:51,069 - INFO - 🎯 CONFIRMED DETECTION: BSKA248 (Score: 0.789)
2025-06-21 02:32:51,316 - INFO - 🎯 CONFIRMED DETECTION: STERLING (Score: 0.829)
2025-06-21 02:32:51,316 - INFO - 🎯 CONFIRMED DETECTION: BSXA248 (Score: 0.797)
2025-06-21 02:32:53,467 - INFO - 🎯 CONFIRMED DETECTION: STERLNG (Score: 0.822)
2025-06-21 02:32:53,800 - INFO - 🎯 CONFIRMED DETECTION: BSKA248 (Score: 0.775)
2025-06-21 02:32:55,910 - INFO - 🎯 CONFIRMED DETECTION: BSKA248 (Score: 0.790)
2025-06-21 02:32:55,911 - INFO - 🎯 CONFIRMED DETECTION: BSKA208 (Score: 0.791)
2025-06-21 02:32:56,432 - INFO - 🎯 CONFIRMED DETECTION: BSKA248 (Score: 0.788)
2025-06-21 02:32:56,432 - INFO - 🎯 CONFIRMED DETECTION: STERLING (Score: 0.870)
2025-06-21 02:32:58,066 - INFO - 🎯 CONFIRMED DETECTION: STERLING (Score: 0.869)
2025-06-21 02:32:59,353 - INFO - 🔧 Checking Django server status...
2025-06-21 02:32:59,353 - INFO - 🔧 Checking Django server status...
2025-06-21 02:32:59,353 - WARNING - Invalid duration: temp_frame_1_20250621_023256.jpg, using default: 60
2025-06-21 02:32:59,353 - WARNING - Invalid duration: temp_frame_1_20250621_023256.jpg, using default: 60
2025-06-21 02:33:00,382 - INFO - 🎯 CONFIRMED DETECTION: BSXA248 (Score: 0.791)
2025-06-21 02:33:00,383 - INFO - 🎯 CONFIRMED DETECTION: BSKA248 (Score: 0.785)
2025-06-21 02:33:00,385 - INFO - 🎯 CONFIRMED DETECTION: BSKA248 (Score: 0.791)
2025-06-21 02:33:00,385 - INFO - 🎯 CONFIRMED DETECTION: STERLING (Score: 0.866)
2025-06-21 02:33:00,386 - INFO - 🎯 CONFIRMED DETECTION: BSXA248 (Score: 0.787)
2025-06-21 02:33:00,442 - INFO - Camera 1 connection verified
2025-06-21 02:33:00,443 - INFO - Loading license plate detection model...
2025-06-21 02:33:00,468 - INFO - ✅ License plate model loaded
2025-06-21 02:33:00,468 - INFO - Initializing EasyOCR...
2025-06-21 02:33:00,796 - INFO - Camera 1 connection verified
2025-06-21 02:33:00,796 - INFO - Loading license plate detection model...
2025-06-21 02:33:00,817 - INFO - ✅ License plate model loaded
2025-06-21 02:33:00,817 - INFO - Initializing EasyOCR...
2025-06-21 02:33:02,727 - INFO - 🎯 CONFIRMED DETECTION: STERLING (Score: 0.847)
2025-06-21 02:33:03,254 - INFO - ✅ EasyOCR initialized with GPU
2025-06-21 02:33:03,604 - INFO - ✅ EasyOCR initialized with GPU
2025-06-21 02:33:04,302 - INFO - 🚀 Starting enhanced 60-second license plate detection...
2025-06-21 02:33:04,893 - INFO - 🚀 Starting enhanced 60-second license plate detection...
2025-06-21 02:33:05,675 - INFO - 🎯 CONFIRMED DETECTION: BSKA248 (Score: 0.790)
2025-06-21 02:33:05,683 - INFO - 🎯 CONFIRMED DETECTION: BSKA248 (Score: 0.790)
2025-06-21 02:33:07,500 - INFO - 🎯 CONFIRMED DETECTION: BSKA248 (Score: 0.794)
2025-06-21 02:33:07,663 - INFO - 🎯 CONFIRMED DETECTION: STERLING (Score: 0.869)
2025-06-21 02:33:09,566 - INFO - 🎯 CONFIRMED DETECTION: BSKA248 (Score: 0.791)
2025-06-21 02:33:09,665 - INFO - 🎯 CONFIRMED DETECTION: STERLING (Score: 0.840)
2025-06-21 02:33:09,665 - INFO - 🎯 CONFIRMED DETECTION: BSKA248 (Score: 0.789)
2025-06-21 02:33:09,838 - INFO - 🎯 CONFIRMED DETECTION: BSKA248 (Score: 0.789)
2025-06-21 02:33:10,600 - INFO - 🎯 CONFIRMED DETECTION: BSKA248 (Score: 0.792)
2025-06-21 02:33:11,801 - INFO - 🎯 CONFIRMED DETECTION: BSKA248 (Score: 0.797)
2025-06-21 02:33:11,968 - INFO - 🎯 CONFIRMED DETECTION: BSKA248 (Score: 0.790)
2025-06-21 02:33:11,968 - INFO - 🎯 CONFIRMED DETECTION: BSXA248 (Score: 0.788)
2025-06-21 02:33:12,734 - INFO - 🎯 CONFIRMED DETECTION: BSKA248 (Score: 0.791)
2025-06-21 02:33:14,201 - INFO - 🎯 CONFIRMED DETECTION: STERLING (Score: 0.830)
2025-06-21 02:33:14,503 - INFO - 🎯 CONFIRMED DETECTION: BSKA248 (Score: 0.790)
2025-06-21 02:33:14,503 - INFO - 🎯 CONFIRMED DETECTION: STERLING (Score: 0.814)
2025-06-21 02:33:14,503 - INFO - 🎯 CONFIRMED DETECTION: BSKA246 (Score: 0.790)
2025-06-21 02:33:14,568 - INFO - 🎯 CONFIRMED DETECTION: STERLING (Score: 0.861)
2025-06-21 02:33:14,568 - INFO - 🎯 CONFIRMED DETECTION: BSKA248 (Score: 0.792)
2025-06-21 02:33:15,168 - INFO - 🎯 CONFIRMED DETECTION: BSXA248 (Score: 0.802)
2025-06-21 02:33:15,168 - INFO - 🎯 CONFIRMED DETECTION: BSKA208 (Score: 0.795)
2025-06-21 02:33:16,703 - INFO - 🎯 CONFIRMED DETECTION: BSXA248 (Score: 0.790)
2025-06-21 02:33:16,703 - INFO - 🎯 CONFIRMED DETECTION: BSKA4248 (Score: 0.621)
2025-06-21 02:33:16,768 - INFO - 🎯 CONFIRMED DETECTION: STERLNG (Score: 0.844)
2025-06-21 02:33:16,906 - INFO - 🎯 CONFIRMED DETECTION: BSKA248 (Score: 0.794)
2025-06-21 02:33:17,299 - INFO - 🎯 CONFIRMED DETECTION: BSKA248 (Score: 0.793)
2025-06-21 02:33:17,300 - INFO - 🎯 CONFIRMED DETECTION: STERLING (Score: 0.888)
2025-06-21 02:33:18,798 - INFO - 🎯 CONFIRMED DETECTION: BSKA248 (Score: 0.792)
2025-06-21 02:33:18,899 - INFO - 🎯 CONFIRMED DETECTION: BSKA248 (Score: 0.791)
2025-06-21 02:33:18,900 - INFO - 🎯 CONFIRMED DETECTION: BSXA1248 (Score: 0.600)
2025-06-21 02:33:19,069 - INFO - 🎯 CONFIRMED DETECTION: STERLING (Score: 0.850)
2025-06-21 02:33:19,069 - INFO - 🎯 CONFIRMED DETECTION: BSXA248 (Score: 0.798)
2025-06-21 02:33:20,937 - INFO - 🎯 CONFIRMED DETECTION: BSXA248 (Score: 0.793)
2025-06-21 02:33:20,937 - INFO - 🎯 CONFIRMED DETECTION: BSKA248 (Score: 0.793)
2025-06-21 02:33:20,937 - INFO - 🎯 CONFIRMED DETECTION: BSKA208 (Score: 0.793)
2025-06-21 02:33:20,937 - INFO - 🎯 CONFIRMED DETECTION: STERLNG (Score: 0.851)
2025-06-21 02:33:21,103 - INFO - 🎯 CONFIRMED DETECTION: BSKA248 (Score: 0.792)
2025-06-21 02:33:21,103 - INFO - 🎯 CONFIRMED DETECTION: STERLING (Score: 0.825)
2025-06-21 02:33:21,172 - INFO - 🎯 CONFIRMED DETECTION: BSKA248 (Score: 0.797)
2025-06-21 02:33:21,516 - INFO - 🎯 CONFIRMED DETECTION: BSKA248 (Score: 0.795)
2025-06-21 02:33:21,517 - INFO - 🎯 CONFIRMED DETECTION: BSXA248 (Score: 0.803)
2025-06-21 02:33:21,517 - INFO - 🎯 CONFIRMED DETECTION: STERLING (Score: 0.879)
2025-06-21 02:33:23,402 - INFO - 🎯 CONFIRMED DETECTION: STERLING (Score: 0.846)
2025-06-21 02:33:23,402 - INFO - 🎯 CONFIRMED DETECTION: BSKA248 (Score: 0.793)
2025-06-21 02:33:23,736 - INFO - 🎯 CONFIRMED DETECTION: STERLING (Score: 0.846)
2025-06-21 02:33:23,977 - INFO - 🎯 CONFIRMED DETECTION: BSKA248 (Score: 0.800)
2025-06-21 02:33:23,978 - INFO - 🎯 CONFIRMED DETECTION: BSKA246 (Score: 0.792)
2025-06-21 02:33:24,094 - INFO - 🔧 Checking Django server status...
2025-06-21 02:33:24,094 - WARNING - Invalid duration: temp_frame_1_20250621_023320.jpg, using default: 60
2025-06-21 02:33:24,095 - INFO - 🔧 Checking Django server status...
2025-06-21 02:33:24,095 - WARNING - Invalid duration: temp_frame_1_20250621_023320.jpg, using default: 60
2025-06-21 02:33:25,210 - INFO - Camera 1 connection verified
2025-06-21 02:33:25,211 - INFO - Loading license plate detection model...
2025-06-21 02:33:25,239 - INFO - ✅ License plate model loaded
2025-06-21 02:33:25,239 - INFO - Initializing EasyOCR...
2025-06-21 02:33:25,580 - INFO - Camera 1 connection verified
2025-06-21 02:33:25,581 - INFO - Loading license plate detection model...
2025-06-21 02:33:25,630 - INFO - ✅ License plate model loaded
2025-06-21 02:33:25,630 - INFO - Initializing EasyOCR...
2025-06-21 02:33:25,958 - INFO - 🎯 CONFIRMED DETECTION: BSKA246 (Score: 0.788)
2025-06-21 02:33:26,021 - INFO - 🎯 CONFIRMED DETECTION: STERLING (Score: 0.869)
2025-06-21 02:33:26,121 - INFO - 🎯 CONFIRMED DETECTION: BSKA248 (Score: 0.796)
2025-06-21 02:33:26,122 - INFO - 🎯 CONFIRMED DETECTION: BSKA246 (Score: 0.791)
2025-06-21 02:33:28,152 - INFO - ✅ EasyOCR initialized with GPU
2025-06-21 02:33:28,528 - INFO - ✅ EasyOCR initialized with GPU
2025-06-21 02:33:29,306 - INFO - 🚀 Starting enhanced 60-second license plate detection...
2025-06-21 02:33:29,463 - INFO - 🎯 CONFIRMED DETECTION: BSKA248 (Score: 0.772)
2025-06-21 02:33:29,463 - INFO - 🎯 CONFIRMED DETECTION: STERLING (Score: 0.876)
2025-06-21 02:33:29,464 - INFO - 🎯 CONFIRMED DETECTION: BSXA248 (Score: 0.791)
2025-06-21 02:33:29,465 - INFO - 🎯 CONFIRMED DETECTION: STERLING (Score: 0.859)
2025-06-21 02:33:29,465 - INFO - 🎯 CONFIRMED DETECTION: BSXA248 (Score: 0.795)
2025-06-21 02:33:29,466 - INFO - 🎯 CONFIRMED DETECTION: BSKA248 (Score: 0.775)
2025-06-21 02:33:29,466 - INFO - 🎯 CONFIRMED DETECTION: BSKA248 (Score: 0.795)
2025-06-21 02:33:29,467 - INFO - 🎯 CONFIRMED DETECTION: STERLING (Score: 0.865)
2025-06-21 02:33:29,467 - INFO - 🎯 CONFIRMED DETECTION: BSKA248 (Score: 0.795)
2025-06-21 02:33:29,483 - INFO - 🚀 Starting enhanced 60-second license plate detection...
2025-06-21 02:33:32,462 - INFO - 🎯 CONFIRMED DETECTION: STERLNG (Score: 0.825)
2025-06-21 02:33:35,325 - INFO - 🎯 CONFIRMED DETECTION: BSKA248 (Score: 0.793)
2025-06-21 02:33:36,028 - INFO - 🎯 CONFIRMED DETECTION: BSKA248 (Score: 0.791)
2025-06-21 02:33:36,156 - INFO - 🎯 CONFIRMED DETECTION: BSKA248 (Score: 0.791)
2025-06-21 02:33:36,191 - INFO - 🎯 CONFIRMED DETECTION: BSKA248 (Score: 0.791)
2025-06-21 02:33:38,188 - INFO - 🎯 CONFIRMED DETECTION: STERLING (Score: 0.857)
2025-06-21 02:33:38,489 - INFO - 🎯 CONFIRMED DETECTION: BSXA248 (Score: 0.791)
2025-06-21 02:33:39,390 - INFO - 🎯 CONFIRMED DETECTION: BSKA248 (Score: 0.788)
2025-06-21 02:33:40,767 - INFO - 🎯 CONFIRMED DETECTION: BSKA248 (Score: 0.788)
2025-06-21 02:33:40,855 - INFO - 🎯 CONFIRMED DETECTION: BSKA248 (Score: 0.788)
2025-06-21 02:33:41,056 - INFO - 🎯 CONFIRMED DETECTION: BSKA248 (Score: 0.787)
2025-06-21 02:33:41,058 - INFO - 🎯 CONFIRMED DETECTION: STERLING (Score: 0.851)
2025-06-21 02:33:41,216 - INFO - ✅ License plate 'BSKA248' written to /Users/jainamdoshi/Desktop/Projects/Slotify/ALPR/detection.txt
2025-06-21 02:33:41,633 - INFO - 🎯 CONFIRMED DETECTION: BSKA248 (Score: 0.787)
2025-06-21 02:33:41,668 - INFO - ✅ Opening dashboard page: http://127.0.0.1:8000/dashboard/
2025-06-21 02:33:41,694 - INFO - Detection completed successfully. Final result: BSKA248
2025-06-21 02:33:43,345 - INFO - ✅ License plate 'BSKA248' written to /Users/jainamdoshi/Desktop/Projects/Slotify/ALPR/detection.txt
2025-06-21 02:33:43,567 - INFO - ✅ Opening dashboard page: http://127.0.0.1:8000/dashboard/
2025-06-21 02:33:43,584 - INFO - Detection completed successfully. Final result: BSKA248
2025-06-21 02:33:44,420 - INFO - 🎯 CONFIRMED DETECTION: BSKA248 (Score: 0.786)
2025-06-21 02:33:44,421 - INFO - 🎯 CONFIRMED DETECTION: STERLING (Score: 0.826)
2025-06-21 02:33:45,954 - INFO - 🎯 CONFIRMED DETECTION: BSKA208 (Score: 0.790)
2025-06-21 02:33:45,954 - INFO - 🎯 CONFIRMED DETECTION: BSKA248 (Score: 0.787)
2025-06-21 02:33:45,954 - INFO - 🎯 CONFIRMED DETECTION: STERLING (Score: 0.797)
2025-06-21 02:33:45,955 - INFO - 🎯 CONFIRMED DETECTION: STERLING (Score: 0.850)
2025-06-21 02:33:46,517 - INFO - 🎯 CONFIRMED DETECTION: BSKA248 (Score: 0.796)
2025-06-21 02:33:48,071 - INFO - 🎯 CONFIRMED DETECTION: BSKA248 (Score: 0.793)
2025-06-21 02:33:48,072 - INFO - 🎯 CONFIRMED DETECTION: BSXA248 (Score: 0.797)
2025-06-21 02:33:48,116 - INFO - 🎯 CONFIRMED DETECTION: BSKA248 (Score: 0.793)
2025-06-21 02:33:48,526 - INFO - 🎯 CONFIRMED DETECTION: BSKA248 (Score: 0.786)
2025-06-21 02:33:49,617 - INFO - 🎯 CONFIRMED DETECTION: STERLING (Score: 0.857)
2025-06-21 02:33:50,535 - INFO - 🎯 CONFIRMED DETECTION: STERLING (Score: 0.810)
2025-06-21 02:33:50,535 - INFO - 🎯 CONFIRMED DETECTION: BSKA248 (Score: 0.791)
2025-06-21 02:33:50,536 - INFO - 🎯 CONFIRMED DETECTION: STERLING (Score: 0.860)
2025-06-21 02:33:50,536 - INFO - 🎯 CONFIRMED DETECTION: STERLING (Score: 0.810)
2025-06-21 02:33:51,885 - INFO - 🎯 CONFIRMED DETECTION: BSKA248 (Score: 0.789)
2025-06-21 02:33:51,885 - INFO - 🎯 CONFIRMED DETECTION: BSXA4248 (Score: 0.637)
2025-06-21 02:33:52,724 - INFO - 🎯 CONFIRMED DETECTION: BSKA248 (Score: 0.787)
2025-06-21 02:34:06,278 - INFO - ✅ License plate 'BSKA248' written to /Users/jainamdoshi/Desktop/Projects/Slotify/ALPR/detection.txt
2025-06-21 02:34:06,423 - INFO - ✅ Opening dashboard page: http://127.0.0.1:8000/dashboard/
2025-06-21 02:34:06,427 - INFO - Detection completed successfully. Final result: BSKA248
2025-06-21 02:34:06,605 - INFO - ✅ License plate 'BSKA248' written to /Users/jainamdoshi/Desktop/Projects/Slotify/ALPR/detection.txt
2025-06-21 02:34:06,771 - INFO - ✅ Opening dashboard page: http://127.0.0.1:8000/dashboard/
2025-06-21 02:34:06,776 - INFO - Detection completed successfully. Final result: BSKA248
2025-06-21 02:34:32,052 - INFO - ✅ License plate 'BSKA248' written to /Users/jainamdoshi/Desktop/Projects/Slotify/ALPR/detection.txt
2025-06-21 02:34:32,167 - INFO - ✅ Opening dashboard page: http://127.0.0.1:8000/dashboard/
2025-06-21 02:34:32,168 - INFO - Detection completed successfully. Final result: BSKA248
2025-06-21 02:34:33,449 - WARNING - Failed to read frame
2025-06-21 02:34:34,551 - WARNING - Failed to read frame
2025-06-21 02:34:35,654 - WARNING - Failed to read frame
2025-06-21 02:34:35,771 - INFO - ✅ License plate 'BSKA248' written to /Users/jainamdoshi/Desktop/Projects/Slotify/ALPR/detection.txt
2025-06-21 02:34:35,916 - INFO - ✅ Opening dashboard page: http://127.0.0.1:8000/dashboard/
2025-06-21 02:34:35,918 - INFO - Detection completed successfully. Final result: BSKA248
2025-06-21 15:44:34,759 - INFO - 🔧 Checking Django server status...
2025-06-21 15:44:34,760 - WARNING - Invalid duration: temp_frame_0_20250621_154432.jpg, using default: 60
2025-06-21 15:44:35,125 - INFO - Camera 0 connection verified
2025-06-21 15:44:35,125 - INFO - Loading license plate detection model...
2025-06-21 15:44:35,146 - INFO - ✅ License plate model loaded
2025-06-21 15:44:35,146 - INFO - Initializing EasyOCR...
2025-06-21 15:44:37,460 - INFO - ✅ EasyOCR initialized with GPU
2025-06-21 15:44:37,651 - INFO - 🚀 Starting enhanced 60-second license plate detection...
2025-06-21 15:44:49,421 - INFO - 🎯 CONFIRMED DETECTION: LL (Score: 0.751)
2025-06-21 15:44:49,422 - INFO - 🎯 CONFIRMED DETECTION: MH2OEE7602 (Score: 0.704)
2025-06-21 15:44:53,652 - INFO - 🎯 CONFIRMED DETECTION: MH20EE7602 (Score: 0.742)
2025-06-21 15:45:00,558 - INFO - 🎯 CONFIRMED DETECTION: LL (Score: 0.749)
2025-06-21 15:45:00,559 - INFO - 🎯 CONFIRMED DETECTION: MH20EE7602 (Score: 0.769)
2025-06-21 15:45:04,729 - INFO - 🎯 CONFIRMED DETECTION: LL (Score: 0.746)
2025-06-21 15:45:04,729 - INFO - 🎯 CONFIRMED DETECTION: MH20EE7602 (Score: 0.772)
2025-06-21 15:45:11,362 - INFO - 🎯 CONFIRMED DETECTION: LL (Score: 0.751)
2025-06-21 15:45:11,363 - INFO - 🎯 CONFIRMED DETECTION: MH20EE7602 (Score: 0.730)
2025-06-21 15:45:18,487 - INFO - 🎯 CONFIRMED DETECTION: LL (Score: 0.748)
2025-06-21 15:45:18,487 - INFO - 🎯 CONFIRMED DETECTION: MH20EE7602 (Score: 0.702)
2025-06-21 15:45:23,663 - INFO - 🎯 CONFIRMED DETECTION: LL (Score: 0.745)
2025-06-21 15:45:28,069 - INFO - 🎯 CONFIRMED DETECTION: LL (Score: 0.747)
2025-06-21 15:45:28,070 - INFO - 🎯 CONFIRMED DETECTION: MH2OEE7602 (Score: 0.677)
2025-06-21 15:45:33,047 - INFO - 🎯 CONFIRMED DETECTION: LL (Score: 0.748)
2025-06-21 15:45:35,607 - INFO - 🎯 CONFIRMED DETECTION: MH20EE7602 (Score: 0.746)
2025-06-21 15:45:38,075 - INFO - 🎯 CONFIRMED DETECTION: LL (Score: 0.748)
2025-06-21 15:45:39,325 - INFO - ✅ License plate 'LL' written to /Users/jainamdoshi/Desktop/Projects/Slotify/ALPR/detection.txt
2025-06-21 15:45:39,502 - INFO - ✅ Opening dashboard page: http://127.0.0.1:8000/dashboard/
2025-06-21 15:45:39,504 - INFO - Detection completed successfully. Final result: LL
