2025-05-28 22:32:20,926 - INFO - iPhone: Connected successfully
2025-05-28 22:32:21,171 - INFO - USB Camera: Connected successfully
2025-05-28 22:33:22,710 - INFO - 🏁 Session terminated by user
2025-05-28 22:33:55,726 - INFO - iPhone: Connected successfully
2025-05-28 22:33:56,204 - INFO - USB Camera: Connected successfully
2025-05-28 22:35:47,397 - INFO - 🏁 Session terminated by user
2025-05-28 22:36:18,132 - INFO - iPhone: Connected successfully
2025-05-28 22:36:18,383 - INFO - USB Camera: Connected successfully
2025-05-28 22:37:37,395 - INFO - 🏁 Session terminated by user
2025-05-28 22:51:16,270 - INFO - iPhone: Connected successfully
2025-05-28 22:51:16,522 - INFO - USB Camera: Connected successfully
2025-05-28 22:51:43,905 - INFO - 🆕 NEW VEHICLE: ID 1 (Plate: I00) registered on USB Camera
2025-05-28 22:51:50,584 - INFO - 🆕 NEW VEHICLE: ID 2 (Plate: DAVCA600) registered on USB Camera
2025-05-28 22:51:50,584 - INFO - 🆕 NEW VEHICLE: ID 3 (Plate: DAVCH600) registered on USB Camera
2025-05-28 22:52:01,164 - INFO - 🆕 NEW VEHICLE: ID 4 (Plate: S00) registered on USB Camera
2025-05-28 22:52:49,370 - INFO - USB Camera: Thread stopped gracefully
2025-05-28 22:52:51,005 - INFO - iPhone: Thread stopped gracefully
2025-05-28 22:53:51,203 - INFO - iPhone: Connected successfully
2025-05-28 22:53:51,682 - INFO - USB Camera: Connected successfully
2025-05-28 22:54:41,274 - INFO - 🆕 NEW VEHICLE: ID 1 (Plate: DAVCA600) registered on USB Camera
2025-05-28 22:54:45,465 - INFO - Vehicle ID 1 (Plate: DAVCA600) detected again on USB Camera
2025-05-28 22:54:51,900 - INFO - Vehicle ID 1 (Plate: DAVCA600) detected again on USB Camera
2025-05-28 22:55:02,427 - INFO - 🆕 NEW VEHICLE: ID 2 (Plate: DAVCH600) registered on USB Camera
2025-05-28 22:55:12,888 - INFO - 🆕 NEW VEHICLE: ID 3 (Plate: 600) registered on USB Camera
2025-05-28 23:04:18,720 - INFO - USB Camera 1: Connected successfully
2025-05-28 23:04:19,203 - INFO - USB Camera 0: Connected successfully
2025-05-28 23:05:52,647 - INFO - USB Camera 1: Connected successfully
2025-05-28 23:05:52,723 - INFO - USB Camera 0: Connected successfully
2025-05-28 23:09:32,041 - INFO - USB Camera 1: Connected successfully
2025-05-28 23:09:32,130 - INFO - USB Camera 0: Connected successfully
